  project2.cpp
D:\ComputerGraphic\repo\Project1\project2.cpp(113,58): warning C4305: '引數': 從 'double' 轉換為 'GLfloat'，是由較大的類型轉換為較小的類型，可能導致資料遺失
D:\ComputerGraphic\repo\Project1\project2.cpp(114,41): warning C4305: '引數': 從 'double' 轉換為 'GLfloat'，是由較大的類型轉換為較小的類型，可能導致資料遺失
D:\ComputerGraphic\repo\Project1\project2.cpp(116,32): warning C4244: '引數': 將 'int' 轉換為 'GLfloat'，由於類型不同，可能導致資料遺失
D:\ComputerGraphic\repo\Project1\project2.cpp(116,24): warning C4244: '引數': 將 'int' 轉換為 'GLfloat'，由於類型不同，可能導致資料遺失
D:\ComputerGraphic\repo\Project1\project2.cpp(117,34): warning C4244: '引數': 將 'int' 轉換為 'GLfloat'，由於類型不同，可能導致資料遺失
D:\ComputerGraphic\repo\Project1\project2.cpp(117,24): warning C4244: '引數': 將 'int' 轉換為 'GLfloat'，由於類型不同，可能導致資料遺失
D:\ComputerGraphic\repo\Project1\project2.cpp(118,38): warning C4244: '引數': 將 'int' 轉換為 'GLfloat'，由於類型不同，可能導致資料遺失
D:\ComputerGraphic\repo\Project1\project2.cpp(118,26): warning C4244: '引數': 將 'int' 轉換為 'GLfloat'，由於類型不同，可能導致資料遺失
D:\ComputerGraphic\repo\Project1\project2.cpp(119,36): warning C4244: '引數': 將 'int' 轉換為 'GLfloat'，由於類型不同，可能導致資料遺失
D:\ComputerGraphic\repo\Project1\project2.cpp(119,26): warning C4244: '引數': 將 'int' 轉換為 'GLfloat'，由於類型不同，可能導致資料遺失
D:\ComputerGraphic\repo\Project1\project2.cpp(142,24): warning C4244: '=': 將 'double' 轉換為 'float'，由於類型不同，可能導致資料遺失
D:\ComputerGraphic\repo\Project1\project2.cpp(143,26): warning C4244: '=': 將 'double' 轉換為 'float'，由於類型不同，可能導致資料遺失
D:\ComputerGraphic\repo\Project1\project2.cpp(184,15): warning C4244: '引數': 將 'int' 轉換為 'GLfloat'，由於類型不同，可能導致資料遺失
D:\ComputerGraphic\repo\Project1\project2.cpp(200,15): warning C4244: '引數': 將 'int' 轉換為 'GLfloat'，由於類型不同，可能導致資料遺失
D:\ComputerGraphic\repo\Project1\project2.cpp(221,15): warning C4244: '引數': 將 'int' 轉換為 'GLfloat'，由於類型不同，可能導致資料遺失
D:\ComputerGraphic\repo\Project1\project2.cpp(233,15): warning C4244: '引數': 將 'int' 轉換為 'GLfloat'，由於類型不同，可能導致資料遺失
D:\ComputerGraphic\repo\Project1\project2.cpp(269,32): warning C4305: '引數': 從 'double' 轉換為 'GLfloat'，是由較大的類型轉換為較小的類型，可能導致資料遺失
D:\ComputerGraphic\repo\Project1\project2.cpp(273,31): warning C4305: '引數': 從 'double' 轉換為 'GLfloat'，是由較大的類型轉換為較小的類型，可能導致資料遺失
D:\ComputerGraphic\repo\Project1\project2.cpp(277,15): warning C4244: '引數': 將 'int' 轉換為 'GLfloat'，由於類型不同，可能導致資料遺失
D:\ComputerGraphic\repo\Project1\project2.cpp(281,34): warning C4305: '引數': 從 'double' 轉換為 'GLfloat'，是由較大的類型轉換為較小的類型，可能導致資料遺失
D:\ComputerGraphic\repo\Project1\project2.cpp(285,31): warning C4305: '引數': 從 'double' 轉換為 'GLfloat'，是由較大的類型轉換為較小的類型，可能導致資料遺失
D:\ComputerGraphic\repo\Project1\project2.cpp(292,15): warning C4244: '引數': 將 'int' 轉換為 'GLfloat'，由於類型不同，可能導致資料遺失
D:\ComputerGraphic\repo\Project1\project2.cpp(296,35): warning C4305: '引數': 從 'double' 轉換為 'GLfloat'，是由較大的類型轉換為較小的類型，可能導致資料遺失
D:\ComputerGraphic\repo\Project1\project2.cpp(308,33): warning C4305: '引數': 從 'double' 轉換為 'GLfloat'，是由較大的類型轉換為較小的類型，可能導致資料遺失
D:\ComputerGraphic\repo\Project1\project2.cpp(312,31): warning C4305: '引數': 從 'double' 轉換為 'GLfloat'，是由較大的類型轉換為較小的類型，可能導致資料遺失
D:\ComputerGraphic\repo\Project1\project2.cpp(315,15): warning C4244: '引數': 將 'int' 轉換為 'GLfloat'，由於類型不同，可能導致資料遺失
D:\ComputerGraphic\repo\Project1\project2.cpp(319,34): warning C4305: '引數': 從 'double' 轉換為 'GLfloat'，是由較大的類型轉換為較小的類型，可能導致資料遺失
D:\ComputerGraphic\repo\Project1\project2.cpp(325,31): warning C4305: '引數': 從 'double' 轉換為 'GLfloat'，是由較大的類型轉換為較小的類型，可能導致資料遺失
D:\ComputerGraphic\repo\Project1\project2.cpp(334,15): warning C4244: '引數': 將 'int' 轉換為 'GLfloat'，由於類型不同，可能導致資料遺失
D:\ComputerGraphic\repo\Project1\project2.cpp(338,35): warning C4305: '引數': 從 'double' 轉換為 'GLfloat'，是由較大的類型轉換為較小的類型，可能導致資料遺失
D:\ComputerGraphic\repo\Project1\project2.cpp(369,15): warning C4244: '引數': 將 'int' 轉換為 'GLfloat'，由於類型不同，可能導致資料遺失
D:\ComputerGraphic\repo\Project1\project2.cpp(370,15): warning C4244: '引數': 將 'int' 轉換為 'GLfloat'，由於類型不同，可能導致資料遺失
D:\ComputerGraphic\repo\Project1\project2.cpp(371,15): warning C4244: '引數': 將 'int' 轉換為 'GLfloat'，由於類型不同，可能導致資料遺失
D:\ComputerGraphic\repo\Project1\project2.cpp(387,15): warning C4244: '引數': 將 'int' 轉換為 'GLfloat'，由於類型不同，可能導致資料遺失
D:\ComputerGraphic\repo\Project1\project2.cpp(431,26): warning C4305: '=': 從 'double' 轉換為 'float'，是由較大的類型轉換為較小的類型，可能導致資料遺失
D:\ComputerGraphic\repo\Project1\project2.cpp(448,29): warning C4305: '+=': 從 'double' 轉換為 'float'，是由較大的類型轉換為較小的類型，可能導致資料遺失
D:\ComputerGraphic\repo\Project1\project2.cpp(474,38): warning C4305: '-=': 從 'double' 轉換為 'float'，是由較大的類型轉換為較小的類型，可能導致資料遺失
D:\ComputerGraphic\repo\Project1\project2.cpp(475,38): warning C4305: '-=': 從 'double' 轉換為 'float'，是由較大的類型轉換為較小的類型，可能導致資料遺失
D:\ComputerGraphic\repo\Project1\project2.cpp(476,38): warning C4305: '-=': 從 'double' 轉換為 'float'，是由較大的類型轉換為較小的類型，可能導致資料遺失
D:\ComputerGraphic\repo\Project1\project2.cpp(502,38): warning C4305: '+=': 從 'double' 轉換為 'float'，是由較大的類型轉換為較小的類型，可能導致資料遺失
D:\ComputerGraphic\repo\Project1\project2.cpp(503,38): warning C4305: '+=': 從 'double' 轉換為 'float'，是由較大的類型轉換為較小的類型，可能導致資料遺失
D:\ComputerGraphic\repo\Project1\project2.cpp(504,38): warning C4305: '+=': 從 'double' 轉換為 'float'，是由較大的類型轉換為較小的類型，可能導致資料遺失
D:\ComputerGraphic\repo\Project1\project2.cpp(523,23): warning C4305: '=': 從 'double' 轉換為 'float'，是由較大的類型轉換為較小的類型，可能導致資料遺失
D:\ComputerGraphic\repo\Project1\project2.cpp(526,23): warning C4305: '=': 從 'double' 轉換為 'float'，是由較大的類型轉換為較小的類型，可能導致資料遺失
D:\ComputerGraphic\repo\Project1\project2.cpp(529,24): warning C4244: '=': 將 'double' 轉換為 'float'，由於類型不同，可能導致資料遺失
D:\ComputerGraphic\repo\Project1\project2.cpp(580,23): warning C4305: '=': 從 'double' 轉換為 'float'，是由較大的類型轉換為較小的類型，可能導致資料遺失
D:\ComputerGraphic\repo\Project1\project2.cpp(583,23): warning C4305: '=': 從 'double' 轉換為 'float'，是由較大的類型轉換為較小的類型，可能導致資料遺失
D:\ComputerGraphic\repo\Project1\project2.cpp(586,24): warning C4244: '=': 將 'double' 轉換為 'float'，由於類型不同，可能導致資料遺失
D:\ComputerGraphic\repo\Project1\project2.cpp(722,26): warning C4305: '+=': 從 'double' 轉換為 'float'，是由較大的類型轉換為較小的類型，可能導致資料遺失
D:\ComputerGraphic\repo\Project1\project2.cpp(729,26): warning C4305: '-=': 從 'double' 轉換為 'float'，是由較大的類型轉換為較小的類型，可能導致資料遺失
D:\ComputerGraphic\repo\Project1\project2.cpp(760,26): warning C4305: '+=': 從 'double' 轉換為 'float'，是由較大的類型轉換為較小的類型，可能導致資料遺失
D:\ComputerGraphic\repo\Project1\project2.cpp(761,26): warning C4305: '+=': 從 'double' 轉換為 'float'，是由較大的類型轉換為較小的類型，可能導致資料遺失
D:\ComputerGraphic\repo\Project1\project2.cpp(762,26): warning C4305: '+=': 從 'double' 轉換為 'float'，是由較大的類型轉換為較小的類型，可能導致資料遺失
D:\ComputerGraphic\repo\Project1\project2.cpp(767,26): warning C4305: '-=': 從 'double' 轉換為 'float'，是由較大的類型轉換為較小的類型，可能導致資料遺失
D:\ComputerGraphic\repo\Project1\project2.cpp(768,26): warning C4305: '-=': 從 'double' 轉換為 'float'，是由較大的類型轉換為較小的類型，可能導致資料遺失
D:\ComputerGraphic\repo\Project1\project2.cpp(769,26): warning C4305: '-=': 從 'double' 轉換為 'float'，是由較大的類型轉換為較小的類型，可能導致資料遺失
D:\ComputerGraphic\repo\Project1\project2.cpp(799,1): warning C4326: 'main' 的傳回類型應該是 'int'，而非 'void'
  Project1.vcxproj -> D:\ComputerGraphic\repo\Project1\x64\Debug\Project1.exe
