d:\computergraphic\repo\project1\project1\x64\debug\vc143.pdb
d:\computergraphic\repo\project1\project1\x64\debug\vc143.idb
d:\computergraphic\repo\project1\project1\x64\debug\draw.obj
d:\computergraphic\repo\project1\project1\x64\debug\menu.obj
d:\computergraphic\repo\project1\x64\debug\project1.pdb
d:\computergraphic\repo\project1\project1\x64\debug\project1.tlog\cl.command.1.tlog
d:\computergraphic\repo\project1\project1\x64\debug\project1.tlog\cl.read.1.tlog
d:\computergraphic\repo\project1\project1\x64\debug\project1.tlog\cl.write.1.tlog
d:\computergraphic\repo\project1\project1\x64\debug\project1.tlog\link-cvtres.read.1.tlog
d:\computergraphic\repo\project1\project1\x64\debug\project1.tlog\link-cvtres.write.1.tlog
d:\computergraphic\repo\project1\project1\x64\debug\project1.tlog\link-rc.read.1.tlog
d:\computergraphic\repo\project1\project1\x64\debug\project1.tlog\link-rc.write.1.tlog
d:\computergraphic\repo\project1\project1\x64\debug\project1.tlog\link.2544-cvtres.read.1.tlog
d:\computergraphic\repo\project1\project1\x64\debug\project1.tlog\link.2544-cvtres.write.1.tlog
d:\computergraphic\repo\project1\project1\x64\debug\project1.tlog\link.2544-rc.read.1.tlog
d:\computergraphic\repo\project1\project1\x64\debug\project1.tlog\link.2544-rc.write.1.tlog
d:\computergraphic\repo\project1\project1\x64\debug\project1.tlog\link.2544.read.1.tlog
d:\computergraphic\repo\project1\project1\x64\debug\project1.tlog\link.2544.read.2.tlog
d:\computergraphic\repo\project1\project1\x64\debug\project1.tlog\link.2544.write.1.tlog
d:\computergraphic\repo\project1\project1\x64\debug\project1.tlog\link.command.1.tlog
d:\computergraphic\repo\project1\project1\x64\debug\project1.tlog\link.read.1.tlog
d:\computergraphic\repo\project1\project1\x64\debug\project1.tlog\link.read.2.tlog
d:\computergraphic\repo\project1\project1\x64\debug\project1.tlog\link.write.1.tlog
